{"name": "测试用例：账号退出虎嗅APP", "status": "broken", "statusDetails": {"message": "selenium.common.exceptions.NoSuchElementException: Message: An element could not be located on the page using the given search parameters.\nStacktrace:\nNoSuchElementError: An element could not be located on the page using the given search parameters.\n    at AndroidUiautomator2Driver.findElOrEls (/usr/local/lib/node_modules/appium/node_modules/appium-android-driver/lib/commands/find.js:75:11)", "trace": "self = <TestLogin.TestLogin object at 0x107869eb8>\n\n    @allure.title(\"测试用例：账号退出虎嗅APP\")\n    @allure.description(\"用例描述：进入APP设置，退出虎嗅APP\")\n    @allure.story(\"退出登录\")\n    @allure.severity(allure.severity_level.CRITICAL)\n    # @allure.step(\"第二步：退出登录\")\n    @pytest.mark.dependency(depends=['TestLogin::test_account_login'])\n    # @pytest.mark.run(order=1)\n    def test_sign_out(self):\n    \n        with allure.step(\"点击我的\"):\n            self.login_page.click_me()\n        with allure.step(\"点击设置\"):\n            self.login_page.click_setting()\n        with allure.step(\"点击退出登录\"):\n>           self.login_page.click_sign_out()\n\nLogin/TestCases/TestLogin.py:59: \n_ _ _ _ _ _ _ _ _ _ _ _ _ _ _ _ _ _ _ _ _ _ _ _ _ _ _ _ _ _ _ _ _ _ _ _ _ _ _ _ \nLogin/LoginPage/LoginPage.py:51: in click_sign_out\n    self.swipe_and_click(\"退出登录\")\nBasePage/BasePage.py:96: in swipe_and_click\n    'new UiScrollable(new UiSelector().scrollable(true).instance(0)).scrollIntoView(new UiSelector().text(\"'+element_text+'\").instance(0));'\nvenv/lib/python3.7/site-packages/appium/webdriver/webdriver.py:422: in find_element_by_android_uiautomator\n    return self.find_element(by=MobileBy.ANDROID_UIAUTOMATOR, value=uia_string)\nvenv/lib/python3.7/site-packages/appium/webdriver/webdriver.py:276: in find_element\n    'value': value})['value']\nvenv/lib/python3.7/site-packages/selenium/webdriver/remote/webdriver.py:318: in execute\n    self.error_handler.check_response(response)\nvenv/lib/python3.7/site-packages/appium/webdriver/errorhandler.py:29: in check_response\n    raise wde\nvenv/lib/python3.7/site-packages/appium/webdriver/errorhandler.py:24: in check_response\n    super(MobileErrorHandler, self).check_response(response)\n_ _ _ _ _ _ _ _ _ _ _ _ _ _ _ _ _ _ _ _ _ _ _ _ _ _ _ _ _ _ _ _ _ _ _ _ _ _ _ _ \n\nself = <appium.webdriver.errorhandler.MobileErrorHandler object at 0x10784ac18>\nresponse = {'status': 404, 'value': '{\"value\":{\"error\":\"no such element\",\"message\":\"An element could not be located on the page u...ver.findElOrEls (/usr/local/lib/node_modules/appium/node_modules/appium-android-driver/lib/commands/find.js:75:11)\"}}'}\n\n    def check_response(self, response):\n        \"\"\"\n        Checks that a JSON response from the WebDriver does not have an error.\n    \n        :Args:\n         - response - The JSON response from the WebDriver server as a dictionary\n           object.\n    \n        :Raises: If the response contains an error message.\n        \"\"\"\n        status = response.get('status', None)\n        if status is None or status == ErrorCode.SUCCESS:\n            return\n        value = None\n        message = response.get(\"message\", \"\")\n        screen = response.get(\"screen\", \"\")\n        stacktrace = None\n        if isinstance(status, int):\n            value_json = response.get('value', None)\n            if value_json and isinstance(value_json, basestring):\n                import json\n                try:\n                    value = json.loads(value_json)\n                    if len(value.keys()) == 1:\n                        value = value['value']\n                    status = value.get('error', None)\n                    if status is None:\n                        status = value[\"status\"]\n                        message = value[\"value\"]\n                        if not isinstance(message, basestring):\n                            value = message\n                            message = message.get('message')\n                    else:\n                        message = value.get('message', None)\n                except ValueError:\n                    pass\n    \n        if status in ErrorCode.NO_SUCH_ELEMENT:\n            exception_class = NoSuchElementException\n        elif status in ErrorCode.NO_SUCH_FRAME:\n            exception_class = NoSuchFrameException\n        elif status in ErrorCode.NO_SUCH_WINDOW:\n            exception_class = NoSuchWindowException\n        elif status in ErrorCode.STALE_ELEMENT_REFERENCE:\n            exception_class = StaleElementReferenceException\n        elif status in ErrorCode.ELEMENT_NOT_VISIBLE:\n            exception_class = ElementNotVisibleException\n        elif status in ErrorCode.INVALID_ELEMENT_STATE:\n            exception_class = InvalidElementStateException\n        elif status in ErrorCode.INVALID_SELECTOR \\\n                or status in ErrorCode.INVALID_XPATH_SELECTOR \\\n                or status in ErrorCode.INVALID_XPATH_SELECTOR_RETURN_TYPER:\n            exception_class = InvalidSelectorException\n        elif status in ErrorCode.ELEMENT_IS_NOT_SELECTABLE:\n            exception_class = ElementNotSelectableException\n        elif status in ErrorCode.ELEMENT_NOT_INTERACTABLE:\n            exception_class = ElementNotInteractableException\n        elif status in ErrorCode.INVALID_COOKIE_DOMAIN:\n            exception_class = InvalidCookieDomainException\n        elif status in ErrorCode.UNABLE_TO_SET_COOKIE:\n            exception_class = UnableToSetCookieException\n        elif status in ErrorCode.TIMEOUT:\n            exception_class = TimeoutException\n        elif status in ErrorCode.SCRIPT_TIMEOUT:\n            exception_class = TimeoutException\n        elif status in ErrorCode.UNKNOWN_ERROR:\n            exception_class = WebDriverException\n        elif status in ErrorCode.UNEXPECTED_ALERT_OPEN:\n            exception_class = UnexpectedAlertPresentException\n        elif status in ErrorCode.NO_ALERT_OPEN:\n            exception_class = NoAlertPresentException\n        elif status in ErrorCode.IME_NOT_AVAILABLE:\n            exception_class = ImeNotAvailableException\n        elif status in ErrorCode.IME_ENGINE_ACTIVATION_FAILED:\n            exception_class = ImeActivationFailedException\n        elif status in ErrorCode.MOVE_TARGET_OUT_OF_BOUNDS:\n            exception_class = MoveTargetOutOfBoundsException\n        elif status in ErrorCode.JAVASCRIPT_ERROR:\n            exception_class = JavascriptException\n        elif status in ErrorCode.SESSION_NOT_CREATED:\n            exception_class = SessionNotCreatedException\n        elif status in ErrorCode.INVALID_ARGUMENT:\n            exception_class = InvalidArgumentException\n        elif status in ErrorCode.NO_SUCH_COOKIE:\n            exception_class = NoSuchCookieException\n        elif status in ErrorCode.UNABLE_TO_CAPTURE_SCREEN:\n            exception_class = ScreenshotException\n        elif status in ErrorCode.ELEMENT_CLICK_INTERCEPTED:\n            exception_class = ElementClickInterceptedException\n        elif status in ErrorCode.INSECURE_CERTIFICATE:\n            exception_class = InsecureCertificateException\n        elif status in ErrorCode.INVALID_COORDINATES:\n            exception_class = InvalidCoordinatesException\n        elif status in ErrorCode.INVALID_SESSION_ID:\n            exception_class = InvalidSessionIdException\n        elif status in ErrorCode.UNKNOWN_METHOD:\n            exception_class = UnknownMethodException\n        else:\n            exception_class = WebDriverException\n        if value == '' or value is None:\n            value = response['value']\n        if isinstance(value, basestring):\n            raise exception_class(value)\n        if message == \"\" and 'message' in value:\n            message = value['message']\n    \n        screen = None\n        if 'screen' in value:\n            screen = value['screen']\n    \n        stacktrace = None\n        st_value = value.get('stackTrace') or value.get('stacktrace')\n        if st_value:\n            if isinstance(st_value, basestring):\n                stacktrace = st_value.split('\\n')\n            else:\n                stacktrace = []\n                try:\n                    for frame in st_value:\n                        line = self._value_or_default(frame, 'lineNumber', '')\n                        file = self._value_or_default(frame, 'fileName', '<anonymous>')\n                        if line:\n                            file = \"%s:%s\" % (file, line)\n                        meth = self._value_or_default(frame, 'methodName', '<anonymous>')\n                        if 'className' in frame:\n                            meth = \"%s.%s\" % (frame['className'], meth)\n                        msg = \"    at %s (%s)\"\n                        msg = msg % (meth, file)\n                        stacktrace.append(msg)\n                except TypeError:\n                    pass\n        if exception_class == UnexpectedAlertPresentException:\n            alert_text = None\n            if 'data' in value:\n                alert_text = value['data'].get('text')\n            elif 'alert' in value:\n                alert_text = value['alert'].get('text')\n            raise exception_class(message, screen, stacktrace, alert_text)\n>       raise exception_class(message, screen, stacktrace)\nE       selenium.common.exceptions.NoSuchElementException: Message: An element could not be located on the page using the given search parameters.\nE       Stacktrace:\nE       NoSuchElementError: An element could not be located on the page using the given search parameters.\nE           at AndroidUiautomator2Driver.findElOrEls (/usr/local/lib/node_modules/appium/node_modules/appium-android-driver/lib/commands/find.js:75:11)\n\nvenv/lib/python3.7/site-packages/selenium/webdriver/remote/errorhandler.py:240: NoSuchElementException"}, "description": "用例描述：进入APP设置，退出虎嗅APP", "steps": [{"name": "点击我的", "status": "passed", "start": 1576490248690, "stop": 1576490249221}, {"name": "点击设置", "status": "passed", "start": 1576490249221, "stop": 1576490249858}, {"name": "点击退出登录", "status": "broken", "statusDetails": {"message": "selenium.common.exceptions.NoSuchElementException: Message: An element could not be located on the page using the given search parameters.\nStacktrace:\nNoSuchElementError: An element could not be located on the page using the given search parameters.\n    at AndroidUiautomator2Driver.findElOrEls (/usr/local/lib/node_modules/appium/node_modules/appium-android-driver/lib/commands/find.js:75:11)\n", "trace": "  File \"/Users/PycharmProjects/HuxiuUiTest/Login/TestCases/TestLogin.py\", line 59, in test_sign_out\n    self.login_page.click_sign_out()\n  File \"/Users/PycharmProjects/HuxiuUiTest/Login/LoginPage/LoginPage.py\", line 51, in click_sign_out\n    self.swipe_and_click(\"退出登录\")\n  File \"/Users/PycharmProjects/HuxiuUiTest/BasePage/BasePage.py\", line 96, in swipe_and_click\n    'new UiScrollable(new UiSelector().scrollable(true).instance(0)).scrollIntoView(new UiSelector().text(\"'+element_text+'\").instance(0));'\n  File \"/Users/PycharmProjects/HuxiuUiTest/venv/lib/python3.7/site-packages/appium/webdriver/webdriver.py\", line 422, in find_element_by_android_uiautomator\n    return self.find_element(by=MobileBy.ANDROID_UIAUTOMATOR, value=uia_string)\n  File \"/Users/PycharmProjects/HuxiuUiTest/venv/lib/python3.7/site-packages/appium/webdriver/webdriver.py\", line 276, in find_element\n    'value': value})['value']\n  File \"/Users/PycharmProjects/HuxiuUiTest/venv/lib/python3.7/site-packages/selenium/webdriver/remote/webdriver.py\", line 318, in execute\n    self.error_handler.check_response(response)\n  File \"/Users/PycharmProjects/HuxiuUiTest/venv/lib/python3.7/site-packages/appium/webdriver/errorhandler.py\", line 29, in check_response\n    raise wde\n  File \"/Users/PycharmProjects/HuxiuUiTest/venv/lib/python3.7/site-packages/appium/webdriver/errorhandler.py\", line 24, in check_response\n    super(MobileErrorHandler, self).check_response(response)\n  File \"/Users/PycharmProjects/HuxiuUiTest/venv/lib/python3.7/site-packages/selenium/webdriver/remote/errorhandler.py\", line 240, in check_response\n    raise exception_class(message, screen, stacktrace)\n"}, "start": 1576490249859, "stop": 1576490263105}], "start": 1576490248690, "stop": 1576490263110, "uuid": "ee4d49b5-5945-4059-b497-f47dd1df1cc9", "historyId": "29046b36748e02ffef894eed265ae394", "testCaseId": "358148bdc5c1c31739ca5c3f87b25ef1", "fullName": "Login.TestCases.TestLogin.TestLogin#test_sign_out", "labels": [{"name": "severity", "value": "critical"}, {"name": "feature", "value": "APP登录功能"}, {"name": "story", "value": "退出登录"}, {"name": "parentSuite", "value": "Login.TestCases"}, {"name": "suite", "value": "TestLogin"}, {"name": "subSuite", "value": "TestLogin"}, {"name": "host", "value": "zhendeMacBook-Pro.local"}, {"name": "thread", "value": "62918-MainThread"}, {"name": "framework", "value": "pytest"}, {"name": "language", "value": "cpython3"}, {"name": "package", "value": "Login.TestCases.TestLogin"}]}